2025-02-23 21:11:36,032 [INFO] Activator:176 - 


2025-02-23 21:11:36,033 [INFO] Activator:177 - !SESSION log4j initialized
2025-02-23 21:11:37,245 [INFO] LogOutputStream:77 - [STDOUT_REDIRECT] 
2025-02-23 21:11:39,777 [INFO] ApplicationProperties:184 - Using Application install path: /opt/stm32cubeide/plugins/com.st.stm32cube.common.mx_6.13.0.202411220809
2025-02-23 21:11:39,784 [INFO] DbMcusXml:78 - Set database path to: /opt/stm32cubeide/plugins/com.st.stm32cube.common.mx_6.13.0.202411220809//db//mcu/
2025-02-23 21:11:39,784 [INFO] ApiDb:274 - Set plugin database path to: /opt/stm32cubeide/plugins/com.st.stm32cube.common.mx_6.13.0.202411220809//db//plugins/boardmanager/
2025-02-23 21:11:39,785 [WARN] ApiDb:259 - Overriding images path with different value:  => /opt/stm32cubeide/plugins/com.st.stm32cube.common.mx_6.13.0.202411220809//db//plugins/mcufinder/images/
2025-02-23 21:11:39,789 [INFO] ApiDb:250 - Set database path to: /home/gullino18/.stmcufinder/plugins/mcufinder//mcu/
2025-02-23 21:11:39,789 [INFO] DbMcusAds:125 - Set database path to: /home/gullino18/.stmcufinder/plugins/mcufinder//mcu/
2025-02-23 21:11:39,790 [INFO] CrossReferenceDbSqlite:203 - Set database path to: /home/gullino18/.stmcufinder/plugins/mcufinder//mcu/cs/
2025-02-23 21:11:39,831 [INFO] RulesReader:64 - Compatibility file has been processed (297 Rules)
2025-02-23 21:11:39,856 [INFO] DbMcusXml:78 - Set database path to: /opt/stm32cubeide/plugins/com.st.stm32cube.common.mx_6.13.0.202411220809//db//mcu/
2025-02-23 21:11:39,856 [INFO] ApiDb:274 - Set plugin database path to: /opt/stm32cubeide/plugins/com.st.stm32cube.common.mx_6.13.0.202411220809//db//plugins/boardmanager/
2025-02-23 21:11:39,857 [INFO] ApiDb:261 - Set plugin images path to: /opt/stm32cubeide/plugins/com.st.stm32cube.common.mx_6.13.0.202411220809//db//plugins/mcufinder/images/
2025-02-23 21:11:39,857 [WARN] DbFile:41 - Overriding database path with different value: /home/gullino18/.stmcufinder/plugins/mcufinder/ => /home/gullino18/.stmcufinder/plugins/mcufinder
2025-02-23 21:11:39,857 [INFO] ApiDb:250 - Set database path to: /home/gullino18/.stmcufinder/plugins/mcufinder//mcu/
2025-02-23 21:11:39,857 [WARN] DbFile:41 - Overriding database path with different value: /home/gullino18/.stmcufinder/plugins/mcufinder/ => /home/gullino18/.stmcufinder/plugins/mcufinder
2025-02-23 21:11:39,857 [INFO] DbMcusAds:125 - Set database path to: /home/gullino18/.stmcufinder/plugins/mcufinder//mcu/
2025-02-23 21:11:39,857 [WARN] DbFile:41 - Overriding database path with different value: /home/gullino18/.stmcufinder/plugins/mcufinder/ => /home/gullino18/.stmcufinder/plugins/mcufinder
2025-02-23 21:11:39,857 [WARN] DbFile:41 - Overriding database path with different value: /home/gullino18/.stmcufinder/plugins/mcufinder/ => /home/gullino18/.stmcufinder/plugins/mcufinder
2025-02-23 21:11:39,857 [INFO] CrossReferenceDbSqlite:203 - Set database path to: /home/gullino18/.stmcufinder/plugins/mcufinder//mcu/cs/
2025-02-23 21:11:39,884 [INFO] MainPanel:272 - HeapMemory: 268435456
2025-02-23 21:11:39,940 [INFO] DbMcusXml:78 - Set database path to: /opt/stm32cubeide/plugins/com.st.stm32cube.common.mx_6.13.0.202411220809//db//mcu/
2025-02-23 21:11:39,940 [INFO] ApiDb:274 - Set plugin database path to: /opt/stm32cubeide/plugins/com.st.stm32cube.common.mx_6.13.0.202411220809//db//plugins/boardmanager/
2025-02-23 21:11:39,940 [INFO] ApiDb:261 - Set plugin images path to: /opt/stm32cubeide/plugins/com.st.stm32cube.common.mx_6.13.0.202411220809//db//plugins/mcufinder/images/
2025-02-23 21:11:39,940 [WARN] DbFile:41 - Overriding database path with different value: /home/gullino18/.stmcufinder/plugins/mcufinder/ => /home/gullino18/.stmcufinder/plugins/mcufinder
2025-02-23 21:11:39,940 [INFO] ApiDb:250 - Set database path to: /home/gullino18/.stmcufinder/plugins/mcufinder//mcu/
2025-02-23 21:11:39,940 [WARN] DbFile:41 - Overriding database path with different value: /home/gullino18/.stmcufinder/plugins/mcufinder/ => /home/gullino18/.stmcufinder/plugins/mcufinder
2025-02-23 21:11:39,940 [INFO] DbMcusAds:125 - Set database path to: /home/gullino18/.stmcufinder/plugins/mcufinder//mcu/
2025-02-23 21:11:39,940 [WARN] DbFile:41 - Overriding database path with different value: /home/gullino18/.stmcufinder/plugins/mcufinder/ => /home/gullino18/.stmcufinder/plugins/mcufinder
2025-02-23 21:11:39,940 [WARN] DbFile:41 - Overriding database path with different value: /home/gullino18/.stmcufinder/plugins/mcufinder/ => /home/gullino18/.stmcufinder/plugins/mcufinder
2025-02-23 21:11:39,940 [INFO] CrossReferenceDbSqlite:203 - Set database path to: /home/gullino18/.stmcufinder/plugins/mcufinder//mcu/cs/
2025-02-23 21:11:39,947 [INFO] ApplicationProperties:184 - Using Application install path: /opt/stm32cubeide/plugins/com.st.stm32cube.common.mx_6.13.0.202411220809
2025-02-23 21:11:39,948 [INFO] PluginManage:196 - Search for loadable plugins [exclusion list=, ]
2025-02-23 21:11:39,948 [INFO] PluginManage:310 - Check plugin analytics
2025-02-23 21:11:39,997 [INFO] AnalyticsPlugin:253 - Accepted Software Licenses: STM32CubeMX.6.13.0
2025-02-23 21:11:39,997 [INFO] AnalyticsPlugin:255 - Accepted CMSIS Pack Licenses: 
2025-02-23 21:11:39,997 [INFO] AnalyticsPlugin:257 - Accepted Firmware Licenses: 
2025-02-23 21:11:39,998 [INFO] PluginManage:359 - Loaded plugin analytics (category:tool,tabindex:-1)
2025-02-23 21:11:39,998 [INFO] PluginManage:310 - Check plugin cadmodel
2025-02-23 21:11:40,001 [INFO] CADModel:105 - Init CAD model plugin
2025-02-23 21:11:40,001 [INFO] PluginManage:359 - Loaded plugin cadmodel (category:power,tabindex:5)
2025-02-23 21:11:40,001 [INFO] PluginManage:310 - Check plugin clock
2025-02-23 21:11:40,005 [INFO] PluginManage:359 - Loaded plugin clock (category:base,tabindex:2)
2025-02-23 21:11:40,005 [INFO] PluginManage:310 - Check plugin ddr
2025-02-23 21:11:40,006 [INFO] PluginManage:359 - Loaded plugin ddr (category:tool,tabindex:6)
2025-02-23 21:11:40,006 [INFO] PluginManage:310 - Check plugin filemanager
2025-02-23 21:11:40,085 [INFO] PluginManage:359 - Loaded plugin filemanager (category:base,tabindex:10)
2025-02-23 21:11:40,085 [INFO] PluginManage:310 - Check plugin ipmanager
2025-02-23 21:11:40,088 [INFO] PluginManage:359 - Loaded plugin ipmanager (category:base,tabindex:5)
2025-02-23 21:11:40,088 [INFO] PluginManage:310 - Check plugin lpbam
2025-02-23 21:11:40,091 [INFO] PluginManage:359 - Loaded plugin lpbam (category:base,tabindex:0)
2025-02-23 21:11:40,092 [INFO] PluginManage:310 - Check plugin memorymap
2025-02-23 21:11:40,099 [INFO] PluginManage:359 - Loaded plugin memorymap (category:base,tabindex:4)
2025-02-23 21:11:40,099 [INFO] PluginManage:310 - Check plugin pinoutandconfiguration
2025-02-23 21:11:40,102 [INFO] PluginManage:359 - Loaded plugin pinoutandconfiguration (category:base,tabindex:1)
2025-02-23 21:11:40,102 [INFO] PluginManage:310 - Check plugin pinoutconfig
2025-02-23 21:11:40,131 [WARN] SupportedApi:132 - Cannot load RTOS API schema: s4s-elt-must-match.1: The content of 'definitions' must match (annotation?, (simpleType | complexType)?, (unique | key | keyref)*)). A problem was found starting at: attribute.
2025-02-23 21:11:40,172 [INFO] PluginManage:359 - Loaded plugin pinoutconfig (category:base,tabindex:0)
2025-02-23 21:11:40,172 [INFO] PluginManage:310 - Check plugin power
2025-02-23 21:11:40,177 [INFO] PluginManage:359 - Loaded plugin power (category:power,tabindex:4)
2025-02-23 21:11:40,177 [INFO] PluginManage:310 - Check plugin projectmanager
2025-02-23 21:11:40,182 [INFO] PluginManage:359 - Loaded plugin projectmanager (category:projectmanager,tabindex:4)
2025-02-23 21:11:40,182 [INFO] PluginManage:310 - Check plugin rif
2025-02-23 21:11:40,186 [INFO] PluginManage:359 - Loaded plugin rif (category:base,tabindex:3)
2025-02-23 21:11:40,186 [INFO] PluginManage:310 - Check plugin thirdparty
2025-02-23 21:11:40,226 [INFO] PluginManage:359 - Loaded plugin thirdparty (category:base,tabindex:-1)
2025-02-23 21:11:40,226 [INFO] PluginManage:310 - Check plugin tools
2025-02-23 21:11:40,226 [WARN] IntegrityCheckThread:84 - waiting for thirdparty lock release [integrity check]
2025-02-23 21:11:40,227 [INFO] IntegrityCheckThread:86 - entering critical section [integrity check]
2025-02-23 21:11:40,227 [INFO] ThirdPartyUpdaterWithRetryManager:70 - Updater plugin not ready yet. [1/15]
2025-02-23 21:11:40,227 [INFO] PluginManage:359 - Loaded plugin tools (category:base,tabindex:7)
2025-02-23 21:11:40,228 [INFO] PluginManage:310 - Check plugin tutovideos
2025-02-23 21:11:40,283 [INFO] PluginManage:359 - Loaded plugin tutovideos (category:base,tabindex:-1)
2025-02-23 21:11:40,283 [INFO] PluginManage:310 - Check plugin updater
2025-02-23 21:11:40,293 [INFO] PluginManage:359 - Loaded plugin updater (category:base,tabindex:12)
2025-02-23 21:11:40,293 [INFO] PluginManage:310 - Check plugin userauth
2025-02-23 21:11:40,295 [INFO] UserAuth:118 - Init User Auth plugin
2025-02-23 21:11:40,295 [INFO] PluginManage:359 - Loaded plugin userauth (category:base,tabindex:14)
2025-02-23 21:11:40,295 [INFO] PluginManage:283 - PluginManage : Loaded plugins [18]
2025-02-23 21:11:40,358 [INFO] PinOutPanel:1589 - setPackage(No Configuration,No Configuration)
2025-02-23 21:11:40,382 [INFO] CADModel:165 - CPN selected for project level
2025-02-23 21:11:40,382 [INFO] CADModel:114 - Register for checkConnection events
2025-02-23 21:11:40,390 [INFO] IPUIPlugin:80 - create IPUIPlugin
2025-02-23 21:11:40,390 [INFO] PluginManager:220 - loadIPPluginJar : add openamp
2025-02-23 21:11:40,392 [INFO] IPUIPlugin:80 - create IPUIPlugin
2025-02-23 21:11:40,392 [INFO] PluginManager:220 - loadIPPluginJar : add gpio
2025-02-23 21:11:40,394 [INFO] IPUIPlugin:80 - create IPUIPlugin
2025-02-23 21:11:40,394 [INFO] PluginManager:220 - loadIPPluginJar : add dma
2025-02-23 21:11:40,396 [INFO] IPUIPlugin:80 - create IPUIPlugin
2025-02-23 21:11:40,396 [INFO] PluginManager:220 - loadIPPluginJar : add mdma
2025-02-23 21:11:40,397 [INFO] IPUIPlugin:80 - create IPUIPlugin
2025-02-23 21:11:40,397 [INFO] PluginManager:220 - loadIPPluginJar : add genericplugin
2025-02-23 21:11:40,399 [INFO] IPUIPlugin:80 - create IPUIPlugin
2025-02-23 21:11:40,399 [INFO] PluginManager:220 - loadIPPluginJar : add opamp
2025-02-23 21:11:40,400 [INFO] IPUIPlugin:80 - create IPUIPlugin
2025-02-23 21:11:40,400 [INFO] PluginManager:220 - loadIPPluginJar : add usbx
2025-02-23 21:11:40,401 [INFO] IPUIPlugin:80 - create IPUIPlugin
2025-02-23 21:11:40,401 [INFO] PluginManager:220 - loadIPPluginJar : add fmc
2025-02-23 21:11:40,403 [INFO] IPUIPlugin:80 - create IPUIPlugin
2025-02-23 21:11:40,403 [INFO] PluginManager:220 - loadIPPluginJar : add stm32_wpan
2025-02-23 21:11:40,404 [INFO] IPUIPlugin:80 - create IPUIPlugin
2025-02-23 21:11:40,404 [INFO] PluginManager:220 - loadIPPluginJar : add radio
2025-02-23 21:11:40,404 [INFO] IPUIPlugin:80 - create IPUIPlugin
2025-02-23 21:11:40,405 [INFO] PluginManager:220 - loadIPPluginJar : add comp
2025-02-23 21:11:40,405 [INFO] IPUIPlugin:80 - create IPUIPlugin
2025-02-23 21:11:40,406 [INFO] PluginManager:220 - loadIPPluginJar : add quadspi
2025-02-23 21:11:40,406 [INFO] IPUIPlugin:80 - create IPUIPlugin
2025-02-23 21:11:40,406 [INFO] PluginManager:220 - loadIPPluginJar : add tsc
2025-02-23 21:11:40,407 [INFO] IPUIPlugin:80 - create IPUIPlugin
2025-02-23 21:11:40,407 [INFO] PluginManager:220 - loadIPPluginJar : add ipddr
2025-02-23 21:11:40,408 [INFO] IPUIPlugin:80 - create IPUIPlugin
2025-02-23 21:11:40,408 [INFO] PluginManager:220 - loadIPPluginJar : add dma3
2025-02-23 21:11:40,409 [INFO] IPUIPlugin:80 - create IPUIPlugin
2025-02-23 21:11:40,409 [INFO] PluginManager:220 - loadIPPluginJar : add gfxmmu
2025-02-23 21:11:40,409 [INFO] IPUIPlugin:80 - create IPUIPlugin
2025-02-23 21:11:40,409 [INFO] PluginManager:220 - loadIPPluginJar : add tracer_emb
2025-02-23 21:11:40,411 [INFO] IPUIPlugin:80 - create IPUIPlugin
2025-02-23 21:11:40,411 [INFO] PluginManager:220 - loadIPPluginJar : add freertos
2025-02-23 21:11:40,412 [INFO] IPUIPlugin:80 - create IPUIPlugin
2025-02-23 21:11:40,412 [INFO] PluginManager:220 - loadIPPluginJar : add ltdc
2025-02-23 21:11:40,412 [INFO] IPUIPlugin:80 - create IPUIPlugin
2025-02-23 21:11:40,412 [INFO] PluginManager:220 - loadIPPluginJar : add i2s
2025-02-23 21:11:40,413 [INFO] IPUIPlugin:80 - create IPUIPlugin
2025-02-23 21:11:40,413 [INFO] PluginManager:220 - loadIPPluginJar : add sai
2025-02-23 21:11:40,414 [INFO] IPUIPlugin:80 - create IPUIPlugin
2025-02-23 21:11:40,414 [INFO] PluginManager:220 - loadIPPluginJar : add i2c
2025-02-23 21:11:40,415 [INFO] IPUIPlugin:80 - create IPUIPlugin
2025-02-23 21:11:40,415 [INFO] PluginManager:220 - loadIPPluginJar : add tim
2025-02-23 21:11:40,415 [INFO] IPUIPlugin:80 - create IPUIPlugin
2025-02-23 21:11:40,416 [INFO] PluginManager:220 - loadIPPluginJar : add extmemmanager
2025-02-23 21:11:40,417 [INFO] IPUIPlugin:80 - create IPUIPlugin
2025-02-23 21:11:40,417 [INFO] PluginManager:220 - loadIPPluginJar : add ddr_ctrl_phy
2025-02-23 21:11:40,418 [INFO] IPUIPlugin:80 - create IPUIPlugin
2025-02-23 21:11:40,418 [INFO] PluginManager:220 - loadIPPluginJar : add gtzc
2025-02-23 21:11:40,419 [INFO] IPUIPlugin:80 - create IPUIPlugin
2025-02-23 21:11:40,419 [INFO] PluginManager:220 - loadIPPluginJar : add nvic
2025-02-23 21:11:40,421 [INFO] IPUIPlugin:80 - create IPUIPlugin
2025-02-23 21:11:40,421 [INFO] PluginManager:220 - loadIPPluginJar : add linkedlist
2025-02-23 21:11:40,422 [INFO] IPUIPlugin:80 - create IPUIPlugin
2025-02-23 21:11:40,422 [INFO] PluginManager:220 - loadIPPluginJar : add lorawan
2025-02-23 21:11:40,422 [INFO] IPUIPlugin:80 - create IPUIPlugin
2025-02-23 21:11:40,422 [INFO] PluginManager:220 - loadIPPluginJar : add hash
2025-02-23 21:11:40,423 [INFO] IPUIPlugin:80 - create IPUIPlugin
2025-02-23 21:11:40,423 [INFO] PluginManager:220 - loadIPPluginJar : add fatfs
2025-02-23 21:11:40,424 [INFO] IPUIPlugin:80 - create IPUIPlugin
2025-02-23 21:11:40,424 [INFO] PluginManager:220 - loadIPPluginJar : add pdm2pcm
2025-02-23 21:11:40,425 [INFO] IPUIPlugin:80 - create IPUIPlugin
2025-02-23 21:11:40,425 [INFO] PluginManager:220 - loadIPPluginJar : add touchsensing
2025-02-23 21:11:40,426 [INFO] IPUIPlugin:80 - create IPUIPlugin
2025-02-23 21:11:40,426 [INFO] PluginManager:220 - loadIPPluginJar : add aes
2025-02-23 21:11:40,427 [INFO] IPUIPlugin:80 - create IPUIPlugin
2025-02-23 21:11:40,427 [INFO] PluginManager:220 - loadIPPluginJar : add i3c
2025-02-23 21:11:40,430 [INFO] IPUIPlugin:80 - create IPUIPlugin
2025-02-23 21:11:40,430 [INFO] PluginManager:220 - loadIPPluginJar : add plateformsettings
2025-02-23 21:11:40,431 [INFO] IPUIPlugin:80 - create IPUIPlugin
2025-02-23 21:11:40,431 [INFO] PluginManager:220 - loadIPPluginJar : add ts
2025-02-23 21:11:40,433 [INFO] IPUIPlugin:80 - create IPUIPlugin
2025-02-23 21:11:40,433 [INFO] PluginManager:220 - loadIPPluginJar : add adc
2025-02-23 21:11:40,434 [INFO] IPUIPlugin:80 - create IPUIPlugin
2025-02-23 21:11:40,434 [INFO] PluginManager:220 - loadIPPluginJar : add dfsdm
2025-02-23 21:11:40,434 [INFO] IPUIPlugin:80 - create IPUIPlugin
2025-02-23 21:11:40,434 [INFO] PluginManager:220 - loadIPPluginJar : add spi
2025-02-23 21:11:40,435 [INFO] IPUIPlugin:80 - create IPUIPlugin
2025-02-23 21:11:40,435 [INFO] PluginManager:220 - loadIPPluginJar : add can
2025-02-23 21:11:40,436 [INFO] IPUIPlugin:80 - create IPUIPlugin
2025-02-23 21:11:40,436 [INFO] PluginManager:220 - loadIPPluginJar : add ucpd
2025-02-23 21:11:40,437 [INFO] IPUIPlugin:80 - create IPUIPlugin
2025-02-23 21:11:40,437 [INFO] PluginManager:220 - loadIPPluginJar : add gic
2025-02-23 21:11:40,439 [INFO] IPUIPlugin:80 - create IPUIPlugin
2025-02-23 21:11:40,439 [INFO] PluginManager:220 - loadIPPluginJar : add resmgrutility
2025-02-23 21:11:40,440 [INFO] IPUIPlugin:80 - create IPUIPlugin
2025-02-23 21:11:40,440 [INFO] PluginManager:220 - loadIPPluginJar : add cryp
2025-02-23 21:11:40,440 [INFO] IPUIPlugin:80 - create IPUIPlugin
2025-02-23 21:11:40,440 [INFO] PluginManager:220 - loadIPPluginJar : add usart
2025-02-23 21:11:40,522 [FATAL] Updater:351 - Updater called before beeing initialized
2025-02-23 21:11:40,530 [INFO] RulesReader:64 - Compatibility file has been processed (297 Rules)
2025-02-23 21:11:40,534 [INFO] RulesReader:64 - Compatibility file has been processed (297 Rules)
2025-02-23 21:11:40,536 [INFO] CADModel:165 - CPN selected for project level
2025-02-23 21:11:40,536 [INFO] CADModel:114 - Register for checkConnection events
2025-02-23 21:11:40,536 [FATAL] Updater:351 - Updater called before beeing initialized
2025-02-23 21:11:40,536 [ERROR] CADModel:125 - Updater not yet initialized, retry later 
2025-02-23 21:11:40,586 [FATAL] Updater:351 - Updater called before beeing initialized
2025-02-23 21:11:40,587 [INFO] CADModel:165 - CPN selected for project level
2025-02-23 21:11:40,587 [INFO] CADModel:114 - Register for checkConnection events
2025-02-23 21:11:40,587 [FATAL] Updater:351 - Updater called before beeing initialized
2025-02-23 21:11:40,587 [ERROR] CADModel:125 - Updater not yet initialized, retry later 
2025-02-23 21:11:40,588 [FATAL] Updater:351 - Updater called before beeing initialized
2025-02-23 21:11:40,615 [FATAL] Updater:351 - Updater called before beeing initialized
2025-02-23 21:11:40,617 [INFO] DbMcusAds:53 - JSON generation date=Tue Dec 17 13:01:15 ART 2024 (1734451275111)
2025-02-23 21:11:40,617 [FATAL] Updater:351 - Updater called before beeing initialized
2025-02-23 21:11:40,632 [WARN] DetailPanel:346 - Failed to get advertising image, set to default
2025-02-23 21:11:40,727 [FATAL] Updater:351 - Updater called before beeing initialized
2025-02-23 21:11:40,728 [FATAL] Updater:351 - Updater called before beeing initialized
2025-02-23 21:11:40,728 [FATAL] Updater:351 - Updater called before beeing initialized
2025-02-23 21:11:40,728 [WARN] DetailPanel:346 - Failed to get advertising image, set to default
2025-02-23 21:11:40,729 [FATAL] Updater:351 - Updater called before beeing initialized
2025-02-23 21:11:40,740 [ERROR] Updater:1198 - MainUpdater not yet initialized. External WinMGr cannot be set.
2025-02-23 21:11:40,741 [INFO] Updater:1134 - Updater Version found : 6.13.0
2025-02-23 21:11:40,748 [INFO] ApplicationProperties:184 - Using Application install path: /opt/stm32cubeide/plugins/com.st.stm32cube.common.mx_6.13.0.202411220809
2025-02-23 21:11:40,754 [ERROR] LogOutputStream:75 - [STDERR_REDIRECT] Feb 23, 2025 9:11:40 PM java.util.prefs.FileSystemPreferences$2 run
2025-02-23 21:11:40,754 [ERROR] LogOutputStream:75 - [STDERR_REDIRECT] WARNING: Could not create system preferences directory. System preferences are unusable.
2025-02-23 21:11:40,754 [ERROR] LogOutputStream:75 - [STDERR_REDIRECT] 
2025-02-23 21:11:42,003 [INFO] MainUpdater:2872 - connection check result : 10
2025-02-23 21:11:42,003 [INFO] MainUpdater:289 - Updater Check For Update Now.
2025-02-23 21:11:42,003 [INFO] MicroXplorer:498 - Change Database Version : DB.6.0.130
2025-02-23 21:11:42,004 [INFO] McuFinderGlobals:63 - Set McuFinder mode to 2 (CubeIDE integrated)
2025-02-23 21:11:42,005 [INFO] UserAuth:486 - Internet connection configuration mode: 1
2025-02-23 21:11:42,011 [INFO] JxBrowserEngine:152 - Initiate JxBrowser Engine with user profile folder
2025-02-23 21:11:42,130 [INFO] CheckServerUpdateThread:120 - End of CheckServer Thread
2025-02-23 21:11:42,434 [INFO] WebApp:168 - Instantiating new browser for Auth
2025-02-23 21:11:42,729 [INFO] WebApp:449 - Apply proxy settings
2025-02-23 21:11:42,729 [INFO] WebApp:534 - Chromium requires no authentication
2025-02-23 21:11:42,732 [INFO] WebApp:477 - Direct internet connection detected
2025-02-23 21:11:42,738 [INFO] WebApp:880 - Register for checkConnection events
2025-02-23 21:11:42,738 [INFO] WebApp:449 - Apply proxy settings
2025-02-23 21:11:42,738 [INFO] WebApp:534 - Chromium requires no authentication
2025-02-23 21:11:42,738 [INFO] WebApp:477 - Direct internet connection detected
2025-02-23 21:11:42,782 [INFO] WebApp:221 - Starting web application
2025-02-23 21:11:42,782 [INFO] WebApp:579 - Web application path used /opt/stm32cubeide/plugins/com.st.stm32cube.common.mx_6.13.0.202411220809/db/plugins/mcufinder/reactClient1/index.html
2025-02-23 21:11:42,819 [INFO] UserAuth:486 - Internet connection configuration mode: 1
2025-02-23 21:11:42,993 [INFO] WebApp:187 - Connection restablished
2025-02-23 21:11:43,269 [WARN] PackLoader:240 - Cannot read IP mode file for STMicroelectronics.FP-SNS-MOTENVWB1.1.4.0
2025-02-23 21:11:43,272 [WARN] PackLoader:240 - Cannot read IP mode file for STMicroelectronics.FP-ATR-ASTRA1.2.0.1
2025-02-23 21:11:43,275 [WARN] PackLoader:240 - Cannot read IP mode file for STMicroelectronics.X-CUBE-SMBUS.2.1.0
2025-02-23 21:11:43,277 [WARN] PackLoader:240 - Cannot read IP mode file for STMicroelectronics.X-CUBE-WB05N.1.1.0
2025-02-23 21:11:43,288 [WARN] PackLoader:240 - Cannot read IP mode file for STMicroelectronics.X-CUBE-AZRTOS-F7.1.1.0
2025-02-23 21:11:43,308 [WARN] PackLoader:240 - Cannot read IP mode file for STMicroelectronics.X-CUBE-MEMS1.11.0.0
2025-02-23 21:11:43,359 [WARN] PackLoader:240 - Cannot read IP mode file for STMicroelectronics.FP-SNS-FLIGHT1.5.0.2
2025-02-23 21:11:43,365 [WARN] PackLoader:240 - Cannot read IP mode file for Infineon.AIROC-Wi-Fi-Bluetooth-STM32.1.7.0
2025-02-23 21:11:43,371 [WARN] PackLoader:240 - Cannot read IP mode file for STMicroelectronics.X-CUBE-DISPLAY.3.0.0
2025-02-23 21:11:43,373 [WARN] PackLoader:240 - Cannot read IP mode file for STMicroelectronics.X-CUBE-BLE1.7.0.0
2025-02-23 21:11:43,374 [WARN] PackLoader:240 - Cannot read IP mode file for STMicroelectronics.X-CUBE-NFC10.1.0.0
2025-02-23 21:11:43,377 [WARN] PackLoader:240 - Cannot read IP mode file for STMicroelectronics.X-CUBE-BLEMGR.4.0.0
2025-02-23 21:11:43,379 [WARN] PackLoader:240 - Cannot read IP mode file for emotas.I-CUBE-CANOPEN.1.3.0
2025-02-23 21:11:43,380 [WARN] PackLoader:240 - Cannot read IP mode file for STMicroelectronics.X-CUBE-AI.10.0.0
2025-02-23 21:11:43,381 [WARN] PackLoader:240 - Cannot read IP mode file for STMicroelectronics.FP-SNS-SMARTAG2.1.2.0
2025-02-23 21:11:43,394 [WARN] PackLoader:240 - Cannot read IP mode file for STMicroelectronics.X-CUBE-MEMS1.11.1.0
2025-02-23 21:11:43,425 [INFO] LogOutputStream:77 - [STDOUT_REDIRECT] 1 : Invalid condition id : UX_CORESTACK_Condition cause : null
2025-02-23 21:11:43,426 [INFO] LogOutputStream:77 - [STDOUT_REDIRECT] 1 : Invalid condition id : UX_CORESTACK_Condition cause : null
2025-02-23 21:11:43,426 [INFO] LogOutputStream:77 - [STDOUT_REDIRECT] 1 : Invalid condition id : UX_CORESTACK_Condition cause : null
2025-02-23 21:11:43,426 [INFO] LogOutputStream:77 - [STDOUT_REDIRECT] 1 : Invalid condition id : UX_CORESTACK_Condition cause : null
2025-02-23 21:11:43,426 [INFO] LogOutputStream:77 - [STDOUT_REDIRECT] 1 : Invalid condition id : UX_CORESTACK_Condition cause : null
2025-02-23 21:11:43,427 [WARN] PackLoader:240 - Cannot read IP mode file for STMicroelectronics.X-CUBE-AZRTOS-WL.2.0.0
2025-02-23 21:11:43,440 [WARN] PackLoader:240 - Cannot read IP mode file for STMicroelectronics.FP-SNS-MOTENV1.5.0.0
2025-02-23 21:11:43,442 [WARN] PackLoader:240 - Cannot read IP mode file for wolfSSL.I-CUBE-wolfMQTT.1.19.0
2025-02-23 21:11:43,444 [WARN] PackLoader:240 - Cannot read IP mode file for WES.I-CUBE-Cesium.1.3.0
2025-02-23 21:11:43,446 [WARN] PackLoader:240 - Cannot read IP mode file for STMicroelectronics.X-CUBE-BLE2.3.3.0
2025-02-23 21:11:43,448 [WARN] PackLoader:240 - Cannot read IP mode file for STMicroelectronics.X-CUBE-NFC9.1.0.0
2025-02-23 21:11:43,455 [WARN] PackLoader:240 - Cannot read IP mode file for STMicroelectronics.X-CUBE-AZRTOS-G0.1.1.0
2025-02-23 21:11:43,458 [WARN] PackLoader:240 - Cannot read IP mode file for STMicroelectronics.X-CUBE-SAFEA1.1.2.2
2025-02-23 21:11:43,460 [WARN] PackLoader:240 - Cannot read IP mode file for STMicroelectronics.X-CUBE-NFC4.3.0.0
2025-02-23 21:11:43,463 [WARN] PackLoader:240 - Cannot read IP mode file for EmbeddedOffice.I-CUBE-FS-RTOS.1.0.1
2025-02-23 21:11:43,465 [WARN] PackLoader:240 - Cannot read IP mode file for STMicroelectronics.X-CUBE-TCPP.4.2.0
2025-02-23 21:11:43,467 [WARN] PackLoader:240 - Cannot read IP mode file for RealThread.X-CUBE-RT-Thread_Nano.4.1.1
2025-02-23 21:11:43,468 [WARN] PackLoader:240 - Cannot read IP mode file for STMicroelectronics.FP-ATR-SIGFOX1.3.2.0
2025-02-23 21:11:43,468 [WARN] ConditionMgr:438 - getConditionDescription Invalid condition id : Cortex-A Device cause : null
2025-02-23 21:11:43,473 [WARN] ConditionMgr:1044 - genDependencies : Invalid condition id : Cortex-A Device cause : null
2025-02-23 21:11:43,473 [WARN] ConditionMgr:1044 - genDependencies : Invalid condition id : Cortex-A Device cause : null
2025-02-23 21:11:43,473 [WARN] ConditionMgr:1044 - genDependencies : Invalid condition id : Cortex-A Device cause : null
2025-02-23 21:11:43,475 [WARN] PackLoader:240 - Cannot read IP mode file for STMicroelectronics.X-CUBE-EEPRMA1.5.1.0
2025-02-23 21:11:43,476 [WARN] PackLoader:240 - Cannot read IP mode file for wolfSSL.I-CUBE-wolfSSL.5.7.4
2025-02-23 21:11:43,477 [WARN] PackLoader:240 - Cannot read IP mode file for ITTIA_DB.I-CUBE-ITTIADB.8.9.0
2025-02-23 21:11:43,484 [WARN] PackLoader:240 - Cannot read IP mode file for SEGGER.I-CUBE-embOS.1.3.1
2025-02-23 21:11:43,496 [WARN] PackLoader:240 - Cannot read IP mode file for STMicroelectronics.X-CUBE-ALGOBUILD.1.4.0
2025-02-23 21:11:43,498 [WARN] PackLoader:240 - Cannot read IP mode file for STMicroelectronics.X-CUBE-AI.9.1.0
2025-02-23 21:11:43,502 [WARN] PackLoader:240 - Cannot read IP mode file for STMicroelectronics.X-CUBE-AZRTOS-F4.1.1.0
2025-02-23 21:11:43,505 [WARN] PackLoader:240 - Cannot read IP mode file for STMicroelectronics.X-CUBE-ISPU.2.1.0
2025-02-23 21:11:43,509 [WARN] PackLoader:240 - Cannot read IP mode file for STMicroelectronics.X-CUBE-AZRTOS-L5.2.0.0
2025-02-23 21:11:43,511 [WARN] PackLoader:240 - Cannot read IP mode file for STMicroelectronics.X-CUBE-NFC6.3.1.0
2025-02-23 21:11:43,513 [WARN] PackLoader:240 - Cannot read IP mode file for STMicroelectronics.X-CUBE-DPower.1.2.0
2025-02-23 21:11:43,514 [WARN] PackLoader:240 - Cannot read IP mode file for STMicroelectronics.X-CUBE-FREERTOS.1.3.0
2025-02-23 21:11:43,515 [WARN] PackLoader:240 - Cannot read IP mode file for STMicroelectronics.X-CUBE-NFC7.1.0.1
2025-02-23 21:11:43,520 [WARN] ConditionMgr:438 - getConditionDescription Invalid condition id : LAN8742 Phy interface Condition cause : null
2025-02-23 21:11:43,520 [WARN] PackLoader:240 - Cannot read IP mode file for STMicroelectronics.X-CUBE-AZRTOS-L4.2.0.0
2025-02-23 21:11:43,520 [WARN] ConditionMgr:1044 - genDependencies : Invalid condition id : LAN8742 Phy interface Condition cause : null
2025-02-23 21:11:43,520 [WARN] ConditionMgr:1044 - genDependencies : Invalid condition id : LAN8742 Phy interface Condition cause : null
2025-02-23 21:11:43,520 [WARN] ConditionMgr:1044 - genDependencies : Invalid condition id : LAN8742 Phy interface Condition cause : null
2025-02-23 21:11:43,522 [WARN] PackLoader:240 - Cannot read IP mode file for STMicroelectronics.X-CUBE-SFXS2LP1.4.0.0
2025-02-23 21:11:43,527 [WARN] PackLoader:240 - Cannot read IP mode file for STMicroelectronics.X-CUBE-AZRTOS-H7.3.3.0
2025-02-23 21:11:43,531 [WARN] PackLoader:240 - Cannot read IP mode file for STMicroelectronics.X-CUBE-IPS.3.0.0
2025-02-23 21:11:43,534 [WARN] ConditionMgr:438 - getConditionDescription Invalid condition id : UX DEVICE CLASS RTOS Condition cause : null
2025-02-23 21:11:43,535 [WARN] ConditionMgr:438 - getConditionDescription Invalid condition id : UX DEVICE CLASS RTOS Condition cause : null
2025-02-23 21:11:43,535 [WARN] PackLoader:240 - Cannot read IP mode file for STMicroelectronics.X-CUBE-AZRTOS-WB.2.0.0
2025-02-23 21:11:43,535 [WARN] ConditionMgr:1044 - genDependencies : Invalid condition id : UX DEVICE CLASS RTOS Condition cause : null
2025-02-23 21:11:43,535 [WARN] ConditionMgr:1044 - genDependencies : Invalid condition id : UX DEVICE CLASS RTOS Condition cause : null
2025-02-23 21:11:43,535 [WARN] ConditionMgr:1044 - genDependencies : Invalid condition id : UX DEVICE CLASS RTOS Condition cause : null
2025-02-23 21:11:43,535 [WARN] ConditionMgr:1044 - genDependencies : Invalid condition id : UX DEVICE CLASS RTOS Condition cause : null
2025-02-23 21:11:43,535 [WARN] ConditionMgr:1044 - genDependencies : Invalid condition id : UX DEVICE CLASS RTOS Condition cause : null
2025-02-23 21:11:43,537 [WARN] PackLoader:240 - Cannot read IP mode file for STMicroelectronics.X-CUBE-GNSS1.7.0.0
2025-02-23 21:11:43,538 [WARN] PackLoader:240 - Cannot read IP mode file for STMicroelectronics.X-CUBE-GNSS1.7.0.1
2025-02-23 21:11:43,540 [WARN] PackLoader:240 - Cannot read IP mode file for STMicroelectronics.FP-SNS-STBOX1.2.0.0
2025-02-23 21:11:43,543 [WARN] PackLoader:240 - Cannot read IP mode file for STMicroelectronics.X-CUBE-SUBG2.5.0.0
2025-02-23 21:11:43,545 [WARN] PackLoader:240 - Cannot read IP mode file for Cesanta.I-CUBE-Mongoose.7.13.0
2025-02-23 21:11:43,548 [WARN] PackLoader:240 - Cannot read IP mode file for STMicroelectronics.X-CUBE-AZRTOS-G4.2.0.0
2025-02-23 21:11:43,551 [WARN] PackLoader:240 - Cannot read IP mode file for STMicroelectronics.X-CUBE-IPS.3.1.0
2025-02-23 21:11:43,553 [WARN] PackLoader:240 - Cannot read IP mode file for STMicroelectronics.X-CUBE-ALS.1.0.2
2025-02-23 21:11:43,555 [WARN] PackLoader:240 - Cannot read IP mode file for STMicroelectronics.X-CUBE-TOUCHGFX.4.24.2
2025-02-23 21:11:43,555 [WARN] PackLoader:240 - Cannot read IP mode file for STMicroelectronics.X-CUBE-TOUCHGFX.4.24.1
2025-02-23 21:11:43,558 [WARN] PackLoader:240 - Cannot read IP mode file for wolfSSL.I-CUBE-wolfTPM.3.4.0
2025-02-23 21:11:43,560 [WARN] PackLoader:240 - Cannot read IP mode file for portGmbH.I-Cube-SoM-uGOAL.1.1.0
2025-02-23 21:11:43,566 [WARN] PackLoader:240 - Cannot read IP mode file for STMicroelectronics.X-CUBE-AZRTOS-H7RS.1.0.0
2025-02-23 21:11:43,569 [WARN] PackLoader:240 - Cannot read IP mode file for STMicroelectronics.X-CUBE-TOF1.3.4.2
2025-02-23 21:11:43,572 [WARN] PackLoader:240 - Cannot read IP mode file for wolfSSL.I-CUBE-wolfSSH.1.4.17
2025-02-23 21:11:43,572 [INFO] ThirdParty:978 - Integrity check success = true
2025-02-23 21:11:43,572 [INFO] IntegrityCheckThread:100 - exiting critical section [integrity check]
2025-02-23 21:11:43,572 [INFO] IntegrityCheckThread:103 - End integrity checks thread
2025-02-23 21:12:07,464 [ERROR] LogOutputStream:75 - [STDERR_REDIRECT] Feb 23, 2025 9:12:07 PM java.util.prefs.FileSystemPreferences checkLockFile0ErrorCode
2025-02-23 21:12:07,464 [ERROR] LogOutputStream:75 - [STDERR_REDIRECT] WARNING: Could not lock System prefs. Unix error code 2.
2025-02-23 21:12:07,464 [ERROR] LogOutputStream:75 - [STDERR_REDIRECT] 
2025-02-23 21:12:07,464 [ERROR] LogOutputStream:75 - [STDERR_REDIRECT] Feb 23, 2025 9:12:07 PM java.util.prefs.FileSystemPreferences syncWorld
2025-02-23 21:12:07,464 [ERROR] LogOutputStream:75 - [STDERR_REDIRECT] WARNING: Couldn't flush system prefs: java.util.prefs.BackingStoreException: Couldn't get file lock.
2025-02-23 21:12:07,464 [ERROR] LogOutputStream:75 - [STDERR_REDIRECT] 
2025-02-23 21:12:37,463 [ERROR] LogOutputStream:75 - [STDERR_REDIRECT] Feb 23, 2025 9:12:37 PM java.util.prefs.FileSystemPreferences checkLockFile0ErrorCode
2025-02-23 21:12:37,464 [ERROR] LogOutputStream:75 - [STDERR_REDIRECT] WARNING: Could not lock System prefs. Unix error code 2.
2025-02-23 21:12:37,465 [ERROR] LogOutputStream:75 - [STDERR_REDIRECT] 
2025-02-23 21:12:37,465 [ERROR] LogOutputStream:75 - [STDERR_REDIRECT] Feb 23, 2025 9:12:37 PM java.util.prefs.FileSystemPreferences syncWorld
2025-02-23 21:12:37,465 [ERROR] LogOutputStream:75 - [STDERR_REDIRECT] WARNING: Couldn't flush system prefs: java.util.prefs.BackingStoreException: Couldn't get file lock.
2025-02-23 21:12:37,465 [ERROR] LogOutputStream:75 - [STDERR_REDIRECT] 
2025-02-23 21:12:57,546 [ERROR] LogOutputStream:75 - [STDERR_REDIRECT] 
