2025-04-12 21:55:22,516 [INFO] Activator:176 - 


2025-04-12 21:55:22,519 [INFO] Activator:177 - !SESSION log4j initialized
2025-04-12 21:55:26,152 [INFO] LogOutputStream:77 - [STDOUT_REDIRECT] 
2025-04-12 21:55:28,786 [INFO] ApplicationProperties:184 - Using Application install path: C:\ST\STM32CubeIDE_1.18.0\STM32CubeIDE\plugins\com.st.stm32cube.common.mx_6.14.0.202502271554
2025-04-12 21:55:28,802 [INFO] DbMcusXml:78 - Set database path to: C:\ST\STM32CubeIDE_1.18.0\STM32CubeIDE\plugins\com.st.stm32cube.common.mx_6.14.0.202502271554\\db\/mcu/
2025-04-12 21:55:28,802 [INFO] ApiDb:274 - Set plugin database path to: C:\ST\STM32CubeIDE_1.18.0\STM32CubeIDE\plugins\com.st.stm32cube.common.mx_6.14.0.202502271554\\db\/plugins/boardmanager/
2025-04-12 21:55:28,802 [WARN] ApiDb:259 - Overriding images path with different value:  => C:\ST\STM32CubeIDE_1.18.0\STM32CubeIDE\plugins\com.st.stm32cube.common.mx_6.14.0.202502271554\\db\/plugins/mcufinder/images/
2025-04-12 21:55:28,802 [INFO] ApiDb:250 - Set database path to: C:\Users\Gonzalo\.stmcufinder\plugins\mcufinder//mcu/
2025-04-12 21:55:28,818 [INFO] DbMcusAds:125 - Set database path to: C:\Users\Gonzalo\.stmcufinder\plugins\mcufinder//mcu/
2025-04-12 21:55:28,818 [INFO] CrossReferenceDbSqlite:203 - Set database path to: C:\Users\Gonzalo\.stmcufinder\plugins\mcufinder//mcu/cs/
2025-04-12 21:55:28,929 [INFO] RulesReader:64 - Compatibility file has been processed (301 Rules)
2025-04-12 21:55:29,024 [INFO] DbMcusXml:78 - Set database path to: C:\ST\STM32CubeIDE_1.18.0\STM32CubeIDE\plugins\com.st.stm32cube.common.mx_6.14.0.202502271554\\db\/mcu/
2025-04-12 21:55:29,024 [INFO] ApiDb:274 - Set plugin database path to: C:\ST\STM32CubeIDE_1.18.0\STM32CubeIDE\plugins\com.st.stm32cube.common.mx_6.14.0.202502271554\\db\/plugins/boardmanager/
2025-04-12 21:55:29,024 [INFO] ApiDb:261 - Set plugin images path to: C:\ST\STM32CubeIDE_1.18.0\STM32CubeIDE\plugins\com.st.stm32cube.common.mx_6.14.0.202502271554\\db\/plugins/mcufinder/images/
2025-04-12 21:55:29,024 [WARN] DbFile:41 - Overriding database path with different value: C:\Users\Gonzalo\.stmcufinder\plugins\mcufinder/ => C:\Users\Gonzalo\.stmcufinder\plugins\mcufinder
2025-04-12 21:55:29,024 [INFO] ApiDb:250 - Set database path to: C:\Users\Gonzalo\.stmcufinder\plugins\mcufinder//mcu/
2025-04-12 21:55:29,024 [WARN] DbFile:41 - Overriding database path with different value: C:\Users\Gonzalo\.stmcufinder\plugins\mcufinder/ => C:\Users\Gonzalo\.stmcufinder\plugins\mcufinder
2025-04-12 21:55:29,024 [INFO] DbMcusAds:125 - Set database path to: C:\Users\Gonzalo\.stmcufinder\plugins\mcufinder//mcu/
2025-04-12 21:55:29,024 [WARN] DbFile:41 - Overriding database path with different value: C:\Users\Gonzalo\.stmcufinder\plugins\mcufinder/ => C:\Users\Gonzalo\.stmcufinder\plugins\mcufinder
2025-04-12 21:55:29,024 [WARN] DbFile:41 - Overriding database path with different value: C:\Users\Gonzalo\.stmcufinder\plugins\mcufinder/ => C:\Users\Gonzalo\.stmcufinder\plugins\mcufinder
2025-04-12 21:55:29,024 [INFO] CrossReferenceDbSqlite:203 - Set database path to: C:\Users\Gonzalo\.stmcufinder\plugins\mcufinder//mcu/cs/
2025-04-12 21:55:29,135 [INFO] MainPanel:272 - HeapMemory: 268435456
2025-04-12 21:55:29,278 [INFO] DbMcusXml:78 - Set database path to: C:\ST\STM32CubeIDE_1.18.0\STM32CubeIDE\plugins\com.st.stm32cube.common.mx_6.14.0.202502271554\\db\/mcu/
2025-04-12 21:55:29,278 [INFO] ApiDb:274 - Set plugin database path to: C:\ST\STM32CubeIDE_1.18.0\STM32CubeIDE\plugins\com.st.stm32cube.common.mx_6.14.0.202502271554\\db\/plugins/boardmanager/
2025-04-12 21:55:29,278 [INFO] ApiDb:261 - Set plugin images path to: C:\ST\STM32CubeIDE_1.18.0\STM32CubeIDE\plugins\com.st.stm32cube.common.mx_6.14.0.202502271554\\db\/plugins/mcufinder/images/
2025-04-12 21:55:29,278 [WARN] DbFile:41 - Overriding database path with different value: C:\Users\Gonzalo\.stmcufinder\plugins\mcufinder/ => C:\Users\Gonzalo\.stmcufinder\plugins\mcufinder
2025-04-12 21:55:29,278 [INFO] ApiDb:250 - Set database path to: C:\Users\Gonzalo\.stmcufinder\plugins\mcufinder//mcu/
2025-04-12 21:55:29,281 [WARN] DbFile:41 - Overriding database path with different value: C:\Users\Gonzalo\.stmcufinder\plugins\mcufinder/ => C:\Users\Gonzalo\.stmcufinder\plugins\mcufinder
2025-04-12 21:55:29,281 [INFO] DbMcusAds:125 - Set database path to: C:\Users\Gonzalo\.stmcufinder\plugins\mcufinder//mcu/
2025-04-12 21:55:29,281 [WARN] DbFile:41 - Overriding database path with different value: C:\Users\Gonzalo\.stmcufinder\plugins\mcufinder/ => C:\Users\Gonzalo\.stmcufinder\plugins\mcufinder
2025-04-12 21:55:29,281 [WARN] DbFile:41 - Overriding database path with different value: C:\Users\Gonzalo\.stmcufinder\plugins\mcufinder/ => C:\Users\Gonzalo\.stmcufinder\plugins\mcufinder
2025-04-12 21:55:29,281 [INFO] CrossReferenceDbSqlite:203 - Set database path to: C:\Users\Gonzalo\.stmcufinder\plugins\mcufinder//mcu/cs/
2025-04-12 21:55:29,294 [INFO] ApplicationProperties:184 - Using Application install path: C:\ST\STM32CubeIDE_1.18.0\STM32CubeIDE\plugins\com.st.stm32cube.common.mx_6.14.0.202502271554
2025-04-12 21:55:29,294 [INFO] PluginManage:196 - Search for loadable plugins [exclusion list=, ]
2025-04-12 21:55:29,310 [INFO] PluginManage:310 - Check plugin analytics
2025-04-12 21:55:29,658 [INFO] AnalyticsPlugin:253 - Accepted Software Licenses: 
2025-04-12 21:55:29,658 [INFO] AnalyticsPlugin:255 - Accepted CMSIS Pack Licenses: 
2025-04-12 21:55:29,658 [INFO] AnalyticsPlugin:257 - Accepted Firmware Licenses: 
2025-04-12 21:55:29,658 [INFO] PluginManage:359 - Loaded plugin analytics (category:tool,tabindex:-1)
2025-04-12 21:55:29,658 [INFO] PluginManage:310 - Check plugin cadmodel
2025-04-12 21:55:29,674 [INFO] CADModel:105 - Init CAD model plugin
2025-04-12 21:55:29,674 [INFO] PluginManage:359 - Loaded plugin cadmodel (category:power,tabindex:5)
2025-04-12 21:55:29,674 [INFO] PluginManage:310 - Check plugin clock
2025-04-12 21:55:29,692 [INFO] PluginManage:359 - Loaded plugin clock (category:base,tabindex:2)
2025-04-12 21:55:29,692 [INFO] PluginManage:310 - Check plugin ddr
2025-04-12 21:55:29,692 [INFO] PluginManage:359 - Loaded plugin ddr (category:tool,tabindex:6)
2025-04-12 21:55:29,692 [INFO] PluginManage:310 - Check plugin filemanager
2025-04-12 21:55:29,969 [INFO] PluginManage:359 - Loaded plugin filemanager (category:base,tabindex:10)
2025-04-12 21:55:29,973 [INFO] PluginManage:310 - Check plugin ipmanager
2025-04-12 21:55:29,982 [INFO] PluginManage:359 - Loaded plugin ipmanager (category:base,tabindex:5)
2025-04-12 21:55:29,982 [INFO] PluginManage:310 - Check plugin lpbam
2025-04-12 21:55:29,990 [INFO] PluginManage:359 - Loaded plugin lpbam (category:base,tabindex:0)
2025-04-12 21:55:29,990 [INFO] PluginManage:310 - Check plugin memorymap
2025-04-12 21:55:30,014 [INFO] PluginManage:359 - Loaded plugin memorymap (category:base,tabindex:4)
2025-04-12 21:55:30,014 [INFO] PluginManage:310 - Check plugin pinoutandconfiguration
2025-04-12 21:55:30,022 [INFO] PluginManage:359 - Loaded plugin pinoutandconfiguration (category:base,tabindex:1)
2025-04-12 21:55:30,022 [INFO] PluginManage:310 - Check plugin pinoutconfig
2025-04-12 21:55:30,149 [WARN] SupportedApi:132 - Cannot load RTOS API schema: s4s-elt-must-match.1: The content of 'definitions' must match (annotation?, (simpleType | complexType)?, (unique | key | keyref)*)). A problem was found starting at: attribute.
2025-04-12 21:55:30,329 [INFO] PluginManage:359 - Loaded plugin pinoutconfig (category:base,tabindex:0)
2025-04-12 21:55:30,329 [INFO] PluginManage:310 - Check plugin power
2025-04-12 21:55:30,342 [INFO] PluginManage:359 - Loaded plugin power (category:power,tabindex:4)
2025-04-12 21:55:30,342 [INFO] PluginManage:310 - Check plugin projectmanager
2025-04-12 21:55:30,358 [INFO] PluginManage:359 - Loaded plugin projectmanager (category:projectmanager,tabindex:4)
2025-04-12 21:55:30,358 [INFO] PluginManage:310 - Check plugin rif
2025-04-12 21:55:30,380 [INFO] PluginManage:359 - Loaded plugin rif (category:base,tabindex:3)
2025-04-12 21:55:30,380 [INFO] PluginManage:310 - Check plugin thirdparty
2025-04-12 21:55:30,657 [INFO] PluginManage:359 - Loaded plugin thirdparty (category:base,tabindex:-1)
2025-04-12 21:55:30,657 [WARN] IntegrityCheckThread:84 - waiting for thirdparty lock release [integrity check]
2025-04-12 21:55:30,657 [INFO] IntegrityCheckThread:86 - entering critical section [integrity check]
2025-04-12 21:55:30,657 [INFO] PluginManage:310 - Check plugin tools
2025-04-12 21:55:30,658 [INFO] ThirdPartyUpdaterWithRetryManager:70 - Updater plugin not ready yet. [1/15]
2025-04-12 21:55:30,663 [INFO] PluginManage:359 - Loaded plugin tools (category:base,tabindex:7)
2025-04-12 21:55:30,663 [INFO] PluginManage:310 - Check plugin tutovideos
2025-04-12 21:55:30,950 [INFO] PluginManage:359 - Loaded plugin tutovideos (category:base,tabindex:-1)
2025-04-12 21:55:30,950 [INFO] PluginManage:310 - Check plugin updater
2025-04-12 21:55:30,981 [INFO] PluginManage:359 - Loaded plugin updater (category:base,tabindex:12)
2025-04-12 21:55:30,981 [INFO] PluginManage:310 - Check plugin userauth
2025-04-12 21:55:30,988 [INFO] UserAuth:118 - Init User Auth plugin
2025-04-12 21:55:30,990 [INFO] PluginManage:359 - Loaded plugin userauth (category:base,tabindex:14)
2025-04-12 21:55:30,990 [INFO] PluginManage:283 - PluginManage : Loaded plugins [18]
2025-04-12 21:55:31,259 [INFO] PinOutPanel:1589 - setPackage(No Configuration,No Configuration)
2025-04-12 21:55:31,448 [INFO] CADModel:165 - CPN selected for project level
2025-04-12 21:55:31,450 [INFO] CADModel:114 - Register for checkConnection events
2025-04-12 21:55:31,514 [INFO] IPUIPlugin:80 - create IPUIPlugin
2025-04-12 21:55:31,516 [INFO] PluginManager:220 - loadIPPluginJar : add adc
2025-04-12 21:55:31,524 [INFO] IPUIPlugin:80 - create IPUIPlugin
2025-04-12 21:55:31,526 [INFO] PluginManager:220 - loadIPPluginJar : add aes
2025-04-12 21:55:31,546 [INFO] IPUIPlugin:80 - create IPUIPlugin
2025-04-12 21:55:31,546 [INFO] PluginManager:220 - loadIPPluginJar : add can
2025-04-12 21:55:31,559 [INFO] IPUIPlugin:80 - create IPUIPlugin
2025-04-12 21:55:31,559 [INFO] PluginManager:220 - loadIPPluginJar : add comp
2025-04-12 21:55:31,571 [INFO] IPUIPlugin:80 - create IPUIPlugin
2025-04-12 21:55:31,571 [INFO] PluginManager:220 - loadIPPluginJar : add cryp
2025-04-12 21:55:31,581 [INFO] IPUIPlugin:80 - create IPUIPlugin
2025-04-12 21:55:31,581 [INFO] PluginManager:220 - loadIPPluginJar : add ddr_ctrl_phy
2025-04-12 21:55:31,587 [INFO] IPUIPlugin:80 - create IPUIPlugin
2025-04-12 21:55:31,587 [INFO] PluginManager:220 - loadIPPluginJar : add dfsdm
2025-04-12 21:55:31,598 [INFO] IPUIPlugin:80 - create IPUIPlugin
2025-04-12 21:55:31,599 [INFO] PluginManager:220 - loadIPPluginJar : add dma
2025-04-12 21:55:31,606 [INFO] IPUIPlugin:80 - create IPUIPlugin
2025-04-12 21:55:31,606 [INFO] PluginManager:220 - loadIPPluginJar : add dma3
2025-04-12 21:55:31,612 [INFO] IPUIPlugin:80 - create IPUIPlugin
2025-04-12 21:55:31,613 [INFO] PluginManager:220 - loadIPPluginJar : add extmemmanager
2025-04-12 21:55:31,620 [INFO] IPUIPlugin:80 - create IPUIPlugin
2025-04-12 21:55:31,620 [INFO] PluginManager:220 - loadIPPluginJar : add fatfs
2025-04-12 21:55:31,638 [INFO] IPUIPlugin:80 - create IPUIPlugin
2025-04-12 21:55:31,639 [INFO] PluginManager:220 - loadIPPluginJar : add fmc
2025-04-12 21:55:31,654 [INFO] IPUIPlugin:80 - create IPUIPlugin
2025-04-12 21:55:31,654 [INFO] PluginManager:220 - loadIPPluginJar : add freertos
2025-04-12 21:55:31,659 [INFO] IPUIPlugin:80 - create IPUIPlugin
2025-04-12 21:55:31,660 [INFO] PluginManager:220 - loadIPPluginJar : add genericplugin
2025-04-12 21:55:31,679 [INFO] IPUIPlugin:80 - create IPUIPlugin
2025-04-12 21:55:31,680 [INFO] PluginManager:220 - loadIPPluginJar : add gfxmmu
2025-04-12 21:55:31,723 [INFO] IPUIPlugin:80 - create IPUIPlugin
2025-04-12 21:55:31,723 [INFO] PluginManager:220 - loadIPPluginJar : add gic
2025-04-12 21:55:31,763 [INFO] IPUIPlugin:80 - create IPUIPlugin
2025-04-12 21:55:31,764 [INFO] PluginManager:220 - loadIPPluginJar : add gpio
2025-04-12 21:55:31,781 [INFO] IPUIPlugin:80 - create IPUIPlugin
2025-04-12 21:55:31,784 [INFO] PluginManager:220 - loadIPPluginJar : add gtzc
2025-04-12 21:55:31,802 [INFO] IPUIPlugin:80 - create IPUIPlugin
2025-04-12 21:55:31,803 [INFO] PluginManager:220 - loadIPPluginJar : add hash
2025-04-12 21:55:31,831 [INFO] IPUIPlugin:80 - create IPUIPlugin
2025-04-12 21:55:31,832 [INFO] PluginManager:220 - loadIPPluginJar : add i2c
2025-04-12 21:55:31,914 [INFO] IPUIPlugin:80 - create IPUIPlugin
2025-04-12 21:55:31,932 [INFO] PluginManager:220 - loadIPPluginJar : add i2s
2025-04-12 21:55:31,944 [INFO] IPUIPlugin:80 - create IPUIPlugin
2025-04-12 21:55:31,946 [INFO] PluginManager:220 - loadIPPluginJar : add i3c
2025-04-12 21:55:31,955 [INFO] IPUIPlugin:80 - create IPUIPlugin
2025-04-12 21:55:31,955 [INFO] PluginManager:220 - loadIPPluginJar : add ipddr
2025-04-12 21:55:31,978 [INFO] IPUIPlugin:80 - create IPUIPlugin
2025-04-12 21:55:31,987 [INFO] PluginManager:220 - loadIPPluginJar : add linkedlist
2025-04-12 21:55:31,995 [INFO] IPUIPlugin:80 - create IPUIPlugin
2025-04-12 21:55:31,997 [INFO] PluginManager:220 - loadIPPluginJar : add lorawan
2025-04-12 21:55:31,999 [INFO] IPUIPlugin:80 - create IPUIPlugin
2025-04-12 21:55:32,001 [INFO] PluginManager:220 - loadIPPluginJar : add ltdc
2025-04-12 21:55:32,011 [INFO] IPUIPlugin:80 - create IPUIPlugin
2025-04-12 21:55:32,013 [INFO] PluginManager:220 - loadIPPluginJar : add mdma
2025-04-12 21:55:32,019 [INFO] IPUIPlugin:80 - create IPUIPlugin
2025-04-12 21:55:32,021 [INFO] PluginManager:220 - loadIPPluginJar : add nvic
2025-04-12 21:55:32,033 [INFO] IPUIPlugin:80 - create IPUIPlugin
2025-04-12 21:55:32,033 [INFO] PluginManager:220 - loadIPPluginJar : add opamp
2025-04-12 21:55:32,041 [INFO] IPUIPlugin:80 - create IPUIPlugin
2025-04-12 21:55:32,041 [INFO] PluginManager:220 - loadIPPluginJar : add openamp
2025-04-12 21:55:32,047 [INFO] IPUIPlugin:80 - create IPUIPlugin
2025-04-12 21:55:32,047 [INFO] PluginManager:220 - loadIPPluginJar : add pdm2pcm
2025-04-12 21:55:32,063 [INFO] IPUIPlugin:80 - create IPUIPlugin
2025-04-12 21:55:32,073 [INFO] PluginManager:220 - loadIPPluginJar : add plateformsettings
2025-04-12 21:55:32,081 [INFO] IPUIPlugin:80 - create IPUIPlugin
2025-04-12 21:55:32,081 [INFO] PluginManager:220 - loadIPPluginJar : add quadspi
2025-04-12 21:55:32,087 [INFO] IPUIPlugin:80 - create IPUIPlugin
2025-04-12 21:55:32,090 [INFO] PluginManager:220 - loadIPPluginJar : add radio
2025-04-12 21:55:32,104 [INFO] IPUIPlugin:80 - create IPUIPlugin
2025-04-12 21:55:32,108 [INFO] PluginManager:220 - loadIPPluginJar : add resmgrutility
2025-04-12 21:55:32,118 [INFO] IPUIPlugin:80 - create IPUIPlugin
2025-04-12 21:55:32,118 [INFO] PluginManager:220 - loadIPPluginJar : add sai
2025-04-12 21:55:32,132 [INFO] IPUIPlugin:80 - create IPUIPlugin
2025-04-12 21:55:32,137 [INFO] PluginManager:220 - loadIPPluginJar : add spi
2025-04-12 21:55:32,172 [INFO] IPUIPlugin:80 - create IPUIPlugin
2025-04-12 21:55:32,172 [INFO] PluginManager:220 - loadIPPluginJar : add stm32_wpan
2025-04-12 21:55:32,178 [INFO] IPUIPlugin:80 - create IPUIPlugin
2025-04-12 21:55:32,180 [INFO] PluginManager:220 - loadIPPluginJar : add tim
2025-04-12 21:55:32,209 [INFO] IPUIPlugin:80 - create IPUIPlugin
2025-04-12 21:55:32,209 [INFO] PluginManager:220 - loadIPPluginJar : add touchsensing
2025-04-12 21:55:32,231 [INFO] IPUIPlugin:80 - create IPUIPlugin
2025-04-12 21:55:32,231 [INFO] PluginManager:220 - loadIPPluginJar : add tracer_emb
2025-04-12 21:55:32,235 [INFO] IPUIPlugin:80 - create IPUIPlugin
2025-04-12 21:55:32,237 [INFO] PluginManager:220 - loadIPPluginJar : add ts
2025-04-12 21:55:32,243 [INFO] IPUIPlugin:80 - create IPUIPlugin
2025-04-12 21:55:32,243 [INFO] PluginManager:220 - loadIPPluginJar : add tsc
2025-04-12 21:55:32,253 [INFO] IPUIPlugin:80 - create IPUIPlugin
2025-04-12 21:55:32,257 [INFO] PluginManager:220 - loadIPPluginJar : add ucpd
2025-04-12 21:55:32,271 [INFO] IPUIPlugin:80 - create IPUIPlugin
2025-04-12 21:55:32,273 [INFO] PluginManager:220 - loadIPPluginJar : add usart
2025-04-12 21:55:32,309 [INFO] IPUIPlugin:80 - create IPUIPlugin
2025-04-12 21:55:32,315 [INFO] PluginManager:220 - loadIPPluginJar : add usbx
2025-04-12 21:55:32,671 [FATAL] Updater:351 - Updater called before beeing initialized
2025-04-12 21:55:32,722 [INFO] RulesReader:64 - Compatibility file has been processed (301 Rules)
2025-04-12 21:55:32,737 [INFO] RulesReader:64 - Compatibility file has been processed (301 Rules)
2025-04-12 21:55:32,747 [INFO] CADModel:165 - CPN selected for project level
2025-04-12 21:55:32,747 [INFO] CADModel:114 - Register for checkConnection events
2025-04-12 21:55:32,749 [FATAL] Updater:351 - Updater called before beeing initialized
2025-04-12 21:55:32,749 [ERROR] CADModel:125 - Updater not yet initialized, retry later 
2025-04-12 21:55:32,983 [FATAL] Updater:351 - Updater called before beeing initialized
2025-04-12 21:55:32,986 [INFO] CADModel:165 - CPN selected for project level
2025-04-12 21:55:32,986 [INFO] CADModel:114 - Register for checkConnection events
2025-04-12 21:55:32,986 [FATAL] Updater:351 - Updater called before beeing initialized
2025-04-12 21:55:32,986 [ERROR] CADModel:125 - Updater not yet initialized, retry later 
2025-04-12 21:55:32,986 [FATAL] Updater:351 - Updater called before beeing initialized
2025-04-12 21:55:33,097 [FATAL] Updater:351 - Updater called before beeing initialized
2025-04-12 21:55:33,097 [INFO] DbMcusAds:53 - JSON generation date=Thu Mar 06 11:54:22 ART 2025 (1741272862204)
2025-04-12 21:55:33,097 [FATAL] Updater:351 - Updater called before beeing initialized
2025-04-12 21:55:33,145 [WARN] DetailPanel:346 - Failed to get advertising image, set to default
2025-04-12 21:55:33,437 [FATAL] Updater:351 - Updater called before beeing initialized
2025-04-12 21:55:33,439 [FATAL] Updater:351 - Updater called before beeing initialized
2025-04-12 21:55:33,440 [FATAL] Updater:351 - Updater called before beeing initialized
2025-04-12 21:55:33,440 [WARN] DetailPanel:346 - Failed to get advertising image, set to default
2025-04-12 21:55:33,441 [FATAL] Updater:351 - Updater called before beeing initialized
2025-04-12 21:55:33,556 [ERROR] Updater:1198 - MainUpdater not yet initialized. External WinMGr cannot be set.
2025-04-12 21:55:33,561 [INFO] Updater:1134 - Updater Version found : 6.14.0
2025-04-12 21:55:33,597 [INFO] ApplicationProperties:184 - Using Application install path: C:\ST\STM32CubeIDE_1.18.0\STM32CubeIDE\plugins\com.st.stm32cube.common.mx_6.14.0.202502271554
2025-04-12 21:55:33,665 [INFO] ThirdPartyUpdaterWithRetryManager:70 - Updater plugin not ready yet. [2/15]
2025-04-12 21:55:35,226 [ERROR] LogOutputStream:75 - [STDERR_REDIRECT] Apr 12, 2025 9:55:35 PM java.util.prefs.WindowsPreferences <init>
2025-04-12 21:55:35,227 [ERROR] LogOutputStream:75 - [STDERR_REDIRECT] WARNING: Could not open/create prefs root node Software\JavaSoft\Prefs at root 0xffffffff80000002. Windows RegCreateKeyEx(...) returned error code 5.
2025-04-12 21:55:35,228 [ERROR] LogOutputStream:75 - [STDERR_REDIRECT] 
2025-04-12 21:55:35,847 [INFO] MainUpdater:2872 - connection check result : 10
2025-04-12 21:55:35,847 [INFO] MainUpdater:289 - Updater Check For Update Now.
2025-04-12 21:55:35,847 [INFO] MicroXplorer:498 - Change Database Version : DB.6.0.140
2025-04-12 21:55:35,863 [INFO] McuFinderGlobals:63 - Set McuFinder mode to 2 (CubeIDE integrated)
2025-04-12 21:55:35,863 [INFO] UserAuth:171 - activating auth plugin
2025-04-12 21:55:35,869 [INFO] UserAuth:486 - Internet connection configuration mode: 1
2025-04-12 21:55:35,919 [INFO] JxBrowserEngine:152 - Initiate JxBrowser Engine with user profile folder
2025-04-12 21:55:36,157 [INFO] CheckServerUpdateThread:120 - End of CheckServer Thread
2025-04-12 21:55:37,613 [WARN] PackLoader:240 - Cannot read IP mode file for STMicroelectronics.FP-SNS-MOTENVWB1.1.4.0
2025-04-12 21:55:37,641 [WARN] PackLoader:240 - Cannot read IP mode file for STMicroelectronics.FP-ATR-ASTRA1.2.0.2
2025-04-12 21:55:37,683 [WARN] PackLoader:240 - Cannot read IP mode file for STMicroelectronics.X-CUBE-SMBUS.2.1.0
2025-04-12 21:55:37,720 [WARN] PackLoader:240 - Cannot read IP mode file for STMicroelectronics.X-CUBE-WB05N.1.1.0
2025-04-12 21:55:37,802 [INFO] WebApp:169 - Instantiating new browser for Auth
2025-04-12 21:55:38,456 [WARN] PackLoader:240 - Cannot read IP mode file for STMicroelectronics.X-CUBE-AZRTOS-F7.1.1.0
2025-04-12 21:55:38,708 [WARN] PackLoader:240 - Cannot read IP mode file for Infineon.AIROC-Wi-Fi-Bluetooth-STM32.1.7.0
2025-04-12 21:55:38,808 [WARN] PackLoader:240 - Cannot read IP mode file for STMicroelectronics.X-CUBE-DISPLAY.3.0.0
2025-04-12 21:55:38,947 [WARN] PackLoader:240 - Cannot read IP mode file for STMicroelectronics.X-CUBE-NFC10.1.0.0
2025-04-12 21:55:39,008 [WARN] PackLoader:240 - Cannot read IP mode file for STMicroelectronics.X-CUBE-BLEMGR.4.0.0
2025-04-12 21:55:39,055 [WARN] PackLoader:240 - Cannot read IP mode file for emotas.I-CUBE-CANOPEN.1.3.0
2025-04-12 21:55:39,066 [WARN] ConditionMgr:438 - getConditionDescription Invalid condition id : Cortex-A Device cause : null
2025-04-12 21:55:39,139 [WARN] ConditionMgr:1044 - genDependencies : Invalid condition id : Cortex-A Device cause : null
2025-04-12 21:55:39,140 [WARN] ConditionMgr:1044 - genDependencies : Invalid condition id : Cortex-A Device cause : null
2025-04-12 21:55:39,140 [WARN] ConditionMgr:1044 - genDependencies : Invalid condition id : Cortex-A Device cause : null
2025-04-12 21:55:39,164 [WARN] PackLoader:240 - Cannot read IP mode file for STMicroelectronics.X-CUBE-AI.10.0.0
2025-04-12 21:55:39,186 [WARN] PackLoader:240 - Cannot read IP mode file for STMicroelectronics.FP-SNS-SMARTAG2.1.2.0
2025-04-12 21:55:39,209 [WARN] PackLoader:240 - Cannot read IP mode file for STMicroelectronics.FP-SNS-FLIGHT1.5.1.0
2025-04-12 21:55:39,517 [WARN] PackLoader:240 - Cannot read IP mode file for STMicroelectronics.X-CUBE-MEMS1.11.1.0
2025-04-12 21:55:40,823 [INFO] LogOutputStream:77 - [STDOUT_REDIRECT] 1 : Invalid condition id : UX_CORESTACK_Condition cause : null
2025-04-12 21:55:40,858 [INFO] LogOutputStream:77 - [STDOUT_REDIRECT] 1 : Invalid condition id : UX_CORESTACK_Condition cause : null
2025-04-12 21:55:40,888 [INFO] LogOutputStream:77 - [STDOUT_REDIRECT] 1 : Invalid condition id : UX_CORESTACK_Condition cause : null
2025-04-12 21:55:40,891 [INFO] LogOutputStream:77 - [STDOUT_REDIRECT] 1 : Invalid condition id : UX_CORESTACK_Condition cause : null
2025-04-12 21:55:40,903 [INFO] WebApp:463 - Apply proxy settings
2025-04-12 21:55:40,904 [INFO] WebApp:548 - Chromium requires no authentication
2025-04-12 21:55:40,905 [INFO] LogOutputStream:77 - [STDOUT_REDIRECT] 1 : Invalid condition id : UX_CORESTACK_Condition cause : null
2025-04-12 21:55:40,955 [WARN] PackLoader:240 - Cannot read IP mode file for STMicroelectronics.X-CUBE-AZRTOS-WL.2.0.0
2025-04-12 21:55:41,024 [WARN] PackLoader:240 - Cannot read IP mode file for STMicroelectronics.FP-SNS-MOTENV1.5.0.0
2025-04-12 21:55:41,038 [INFO] WebApp:491 - Direct internet connection detected
2025-04-12 21:55:41,134 [WARN] PackLoader:240 - Cannot read IP mode file for WES.I-CUBE-Cesium.1.3.0
2025-04-12 21:55:41,201 [INFO] WebApp:894 - Register for checkConnection events
2025-04-12 21:55:41,204 [INFO] WebApp:463 - Apply proxy settings
2025-04-12 21:55:41,207 [INFO] WebApp:548 - Chromium requires no authentication
2025-04-12 21:55:41,253 [INFO] WebApp:491 - Direct internet connection detected
2025-04-12 21:55:41,259 [WARN] PackLoader:240 - Cannot read IP mode file for STMicroelectronics.X-CUBE-BLE2.3.3.0
2025-04-12 21:55:41,314 [WARN] PackLoader:240 - Cannot read IP mode file for STMicroelectronics.X-CUBE-NFC9.1.0.0
2025-04-12 21:55:41,388 [WARN] PackLoader:240 - Cannot read IP mode file for STMicroelectronics.X-CUBE-BLE1.7.1.0
2025-04-12 21:55:41,417 [WARN] PackLoader:240 - Cannot read IP mode file for wolfSSL.I-CUBE-wolfMQTT.1.19.2
2025-04-12 21:55:41,561 [WARN] PackLoader:240 - Cannot read IP mode file for STMicroelectronics.X-CUBE-AZRTOS-G0.1.1.0
2025-04-12 21:55:41,653 [INFO] WebApp:191 - Connection restablished
2025-04-12 21:55:41,663 [WARN] PackLoader:240 - Cannot read IP mode file for STMicroelectronics.X-CUBE-SAFEA1.1.2.2
2025-04-12 21:55:41,770 [WARN] PackLoader:240 - Cannot read IP mode file for STMicroelectronics.X-CUBE-NFC4.3.0.0
2025-04-12 21:55:42,216 [WARN] PackLoader:240 - Cannot read IP mode file for EmbeddedOffice.I-CUBE-FS-RTOS.1.0.1
2025-04-12 21:55:42,301 [WARN] PackLoader:240 - Cannot read IP mode file for wolfSSL.I-CUBE-wolfTPM.3.8.0
2025-04-12 21:55:42,337 [INFO] WebApp:225 - Starting web application
2025-04-12 21:55:42,337 [INFO] WebApp:593 - Web application path used C:\ST\STM32CubeIDE_1.18.0\STM32CubeIDE\plugins\com.st.stm32cube.common.mx_6.14.0.202502271554\db\plugins\mcufinder\reactClient1\index.html
2025-04-12 21:55:42,354 [WARN] PackLoader:240 - Cannot read IP mode file for STMicroelectronics.X-CUBE-TCPP.4.2.0
2025-04-12 21:55:42,452 [WARN] PackLoader:240 - Cannot read IP mode file for RealThread.X-CUBE-RT-Thread_Nano.4.1.1
2025-04-12 21:55:42,569 [WARN] PackLoader:240 - Cannot read IP mode file for STMicroelectronics.FP-ATR-SIGFOX1.3.2.0
2025-04-12 21:55:42,754 [WARN] PackLoader:240 - Cannot read IP mode file for STMicroelectronics.X-CUBE-EEPRMA1.5.1.0
2025-04-12 21:55:42,826 [WARN] PackLoader:240 - Cannot read IP mode file for wolfSSL.I-CUBE-wolfSSL.5.7.6
2025-04-12 21:55:43,057 [WARN] PackLoader:240 - Cannot read IP mode file for ITTIA_DB.I-CUBE-ITTIADB.8.9.0
2025-04-12 21:55:43,465 [WARN] PackLoader:240 - Cannot read IP mode file for SEGGER.I-CUBE-embOS.1.3.1
2025-04-12 21:55:43,806 [WARN] PackLoader:240 - Cannot read IP mode file for STMicroelectronics.X-CUBE-ALGOBUILD.1.4.0
2025-04-12 21:55:44,067 [WARN] PackLoader:240 - Cannot read IP mode file for STMicroelectronics.X-CUBE-AZRTOS-F4.1.1.0
2025-04-12 21:55:44,143 [WARN] PackLoader:240 - Cannot read IP mode file for Avnet-IotConnect.X-CUBE-IoTC-DA16k-PMOD.1.0.0
2025-04-12 21:55:44,186 [WARN] PackLoader:240 - Cannot read IP mode file for STMicroelectronics.X-CUBE-ISPU.2.1.0
2025-04-12 21:55:44,377 [WARN] PackLoader:240 - Cannot read IP mode file for STMicroelectronics.X-CUBE-AZRTOS-L5.2.0.0
2025-04-12 21:55:44,453 [WARN] PackLoader:240 - Cannot read IP mode file for STMicroelectronics.X-CUBE-NFC6.3.1.0
2025-04-12 21:55:44,534 [WARN] PackLoader:240 - Cannot read IP mode file for STMicroelectronics.X-CUBE-FREERTOS.1.3.0
2025-04-12 21:55:44,568 [WARN] PackLoader:240 - Cannot read IP mode file for STMicroelectronics.X-CUBE-NFC7.1.0.1
2025-04-12 21:55:44,615 [WARN] PackLoader:240 - Cannot read IP mode file for STMicroelectronics.X-CUBE-DPower.1.3.0
2025-04-12 21:55:44,774 [WARN] ConditionMgr:438 - getConditionDescription Invalid condition id : LAN8742 Phy interface Condition cause : null
2025-04-12 21:55:44,776 [WARN] PackLoader:240 - Cannot read IP mode file for STMicroelectronics.X-CUBE-AZRTOS-L4.2.0.0
2025-04-12 21:55:44,778 [WARN] ConditionMgr:1044 - genDependencies : Invalid condition id : LAN8742 Phy interface Condition cause : null
2025-04-12 21:55:44,778 [WARN] ConditionMgr:1044 - genDependencies : Invalid condition id : LAN8742 Phy interface Condition cause : null
2025-04-12 21:55:44,778 [WARN] ConditionMgr:1044 - genDependencies : Invalid condition id : LAN8742 Phy interface Condition cause : null
2025-04-12 21:55:44,820 [WARN] PackLoader:240 - Cannot read IP mode file for STMicroelectronics.X-CUBE-SFXS2LP1.4.0.0
2025-04-12 21:55:45,013 [WARN] PackLoader:240 - Cannot read IP mode file for STMicroelectronics.X-CUBE-AZRTOS-H7.3.3.0
2025-04-12 21:55:45,169 [WARN] ConditionMgr:438 - getConditionDescription Invalid condition id : UX DEVICE CLASS RTOS Condition cause : null
2025-04-12 21:55:45,170 [WARN] ConditionMgr:438 - getConditionDescription Invalid condition id : UX DEVICE CLASS RTOS Condition cause : null
2025-04-12 21:55:45,175 [WARN] PackLoader:240 - Cannot read IP mode file for STMicroelectronics.X-CUBE-AZRTOS-WB.2.0.0
2025-04-12 21:55:45,178 [WARN] ConditionMgr:1044 - genDependencies : Invalid condition id : UX DEVICE CLASS RTOS Condition cause : null
2025-04-12 21:55:45,178 [WARN] ConditionMgr:1044 - genDependencies : Invalid condition id : UX DEVICE CLASS RTOS Condition cause : null
2025-04-12 21:55:45,188 [WARN] ConditionMgr:1044 - genDependencies : Invalid condition id : UX DEVICE CLASS RTOS Condition cause : null
2025-04-12 21:55:45,193 [WARN] ConditionMgr:1044 - genDependencies : Invalid condition id : UX DEVICE CLASS RTOS Condition cause : null
2025-04-12 21:55:45,193 [WARN] ConditionMgr:1044 - genDependencies : Invalid condition id : UX DEVICE CLASS RTOS Condition cause : null
2025-04-12 21:55:45,231 [WARN] PackLoader:240 - Cannot read IP mode file for STMicroelectronics.X-CUBE-GNSS1.7.0.1
2025-04-12 21:55:45,261 [WARN] PackLoader:240 - Cannot read IP mode file for STMicroelectronics.X-CUBE-TOUCHGFX.4.25.0
2025-04-12 21:55:45,292 [WARN] PackLoader:240 - Cannot read IP mode file for STMicroelectronics.FP-SNS-STBOX1.2.0.0
2025-04-12 21:55:45,330 [WARN] PackLoader:240 - Cannot read IP mode file for STMicroelectronics.X-CUBE-SUBG2.5.0.0
2025-04-12 21:55:45,450 [WARN] PackLoader:240 - Cannot read IP mode file for STMicroelectronics.X-CUBE-AZRTOS-H7RS.1.1.0
2025-04-12 21:55:45,512 [WARN] PackLoader:240 - Cannot read IP mode file for Cesanta.I-CUBE-Mongoose.7.13.0
2025-04-12 21:55:45,561 [WARN] PackLoader:240 - Cannot read IP mode file for STMicroelectronics.X-CUBE-AZRTOS-G4.2.0.0
2025-04-12 21:55:45,617 [WARN] PackLoader:240 - Cannot read IP mode file for wolfSSL.I-CUBE-wolfSSH.1.4.20
2025-04-12 21:55:45,679 [WARN] PackLoader:240 - Cannot read IP mode file for STMicroelectronics.X-CUBE-IPS.3.1.0
2025-04-12 21:55:45,728 [WARN] PackLoader:240 - Cannot read IP mode file for STMicroelectronics.X-CUBE-ALS.1.0.2
2025-04-12 21:55:45,747 [WARN] PackLoader:240 - Cannot read IP mode file for portGmbH.I-Cube-SoM-uGOAL.1.1.0
2025-04-12 21:55:45,812 [WARN] PackLoader:240 - Cannot read IP mode file for STMicroelectronics.X-CUBE-TOF1.3.4.2
2025-04-12 21:55:45,850 [INFO] ThirdParty:978 - Integrity check success = true
2025-04-12 21:55:45,851 [INFO] IntegrityCheckThread:100 - exiting critical section [integrity check]
2025-04-12 21:55:45,851 [INFO] IntegrityCheckThread:103 - End integrity checks thread
